0 info it worked if it ends with ok
1 verbose cli [ 'node', '/usr/local/bin/npm', 'install', '-g', 'coffee-script' ]
2 info using npm@1.4.28
3 info using node@v0.10.33
4 verbose cache add [ 'coffee-script', null ]
5 verbose cache add name=undefined spec="coffee-script" args=["coffee-script",null]
6 verbose parsed url { protocol: null,
6 verbose parsed url   slashes: null,
6 verbose parsed url   auth: null,
6 verbose parsed url   host: null,
6 verbose parsed url   port: null,
6 verbose parsed url   hostname: null,
6 verbose parsed url   hash: null,
6 verbose parsed url   search: null,
6 verbose parsed url   query: null,
6 verbose parsed url   pathname: 'coffee-script',
6 verbose parsed url   path: 'coffee-script',
6 verbose parsed url   href: 'coffee-script' }
7 silly lockFile ab358269-coffee-script coffee-script
8 verbose lock coffee-script /Users/jasonpoovey/.npm/ab358269-coffee-script.lock
9 silly lockFile ab358269-coffee-script coffee-script
10 silly lockFile ab358269-coffee-script coffee-script
11 verbose addNamed [ 'coffee-script', '' ]
12 verbose addNamed [ null, '*' ]
13 silly lockFile 53951495-coffee-script coffee-script@
14 verbose lock coffee-script@ /Users/jasonpoovey/.npm/53951495-coffee-script.lock
15 silly addNameRange { name: 'coffee-script', range: '*', hasData: false }
16 verbose request where is /coffee-script
17 verbose request registry https://registry.npmjs.org/
18 verbose request id f318f1f352461b39
19 verbose url raw /coffee-script
20 verbose url resolving [ 'https://registry.npmjs.org/', './coffee-script' ]
21 verbose url resolved https://registry.npmjs.org/coffee-script
22 verbose request where is https://registry.npmjs.org/coffee-script
23 info trying registry request attempt 1 at 13:21:38
24 verbose etag "CQS5CH60OCCSAVZFPZFY9BRZK"
25 http GET https://registry.npmjs.org/coffee-script
26 http 304 https://registry.npmjs.org/coffee-script
27 silly registry.get cb [ 304,
27 silly registry.get   { date: 'Thu, 06 Nov 2014 18:21:38 GMT',
27 silly registry.get     server: 'Apache',
27 silly registry.get     via: '1.1 varnish',
27 silly registry.get     'last-modified': 'Thu, 06 Nov 2014 18:21:38 GMT',
27 silly registry.get     'cache-control': 'max-age=60',
27 silly registry.get     etag: '"CQS5CH60OCCSAVZFPZFY9BRZK"',
27 silly registry.get     age: '28',
27 silly registry.get     'x-served-by': 'cache-atl6233-ATL',
27 silly registry.get     'x-cache': 'HIT',
27 silly registry.get     'x-cache-hits': '1',
27 silly registry.get     'x-timer': 'S1415298098.807275,VS0,VE0',
27 silly registry.get     vary: 'Accept',
27 silly registry.get     'content-length': '0',
27 silly registry.get     'keep-alive': 'timeout=10, max=50',
27 silly registry.get     connection: 'Keep-Alive' } ]
28 verbose etag https://registry.npmjs.org/coffee-script from cache
29 silly addNameRange number 2 { name: 'coffee-script', range: '*', hasData: true }
30 silly addNameRange versions [ 'coffee-script',
30 silly addNameRange   [ '0.7.0',
30 silly addNameRange     '0.7.1',
30 silly addNameRange     '0.7.2',
30 silly addNameRange     '0.9.0',
30 silly addNameRange     '0.9.1',
30 silly addNameRange     '0.9.2',
30 silly addNameRange     '0.9.3',
30 silly addNameRange     '0.9.4',
30 silly addNameRange     '0.9.5',
30 silly addNameRange     '0.9.6',
30 silly addNameRange     '1.0.0',
30 silly addNameRange     '1.0.1',
30 silly addNameRange     '1.1.0',
30 silly addNameRange     '1.1.1',
30 silly addNameRange     '1.1.2',
30 silly addNameRange     '1.1.3',
30 silly addNameRange     '1.2.0',
30 silly addNameRange     '1.3.0',
30 silly addNameRange     '1.3.1',
30 silly addNameRange     '1.3.2',
30 silly addNameRange     '1.3.3',
30 silly addNameRange     '1.4.0',
30 silly addNameRange     '1.5.0',
30 silly addNameRange     '1.6.0',
30 silly addNameRange     '1.6.1',
30 silly addNameRange     '1.6.2',
30 silly addNameRange     '1.6.3',
30 silly addNameRange     '1.7.0',
30 silly addNameRange     '1.7.1',
30 silly addNameRange     '1.8.0' ] ]
31 verbose addNamed [ 'coffee-script', '1.8.0' ]
32 verbose addNamed [ '1.8.0', '1.8.0' ]
33 silly lockFile d0d79082-coffee-script-1-8-0 coffee-script@1.8.0
34 verbose lock coffee-script@1.8.0 /Users/jasonpoovey/.npm/d0d79082-coffee-script-1-8-0.lock
35 silly lockFile ca39aec5-e-script-coffee-script-1-8-0-tgz https://registry.npmjs.org/coffee-script/-/coffee-script-1.8.0.tgz
36 verbose lock https://registry.npmjs.org/coffee-script/-/coffee-script-1.8.0.tgz /Users/jasonpoovey/.npm/ca39aec5-e-script-coffee-script-1-8-0-tgz.lock
37 verbose addRemoteTarball [ 'https://registry.npmjs.org/coffee-script/-/coffee-script-1.8.0.tgz',
37 verbose addRemoteTarball   '9c9f1d2b4a52a000ded15b659791703648263c1d' ]
38 info retry fetch attempt 1 at 13:21:39
39 verbose fetch to= /var/folders/zd/cdnq0ht10wvd1rh8y3_8qgxr0000gn/T/npm-37148-rKm_JCAL/registry.npmjs.org/coffee-script/-/coffee-script-1.8.0.tgz
40 http GET https://registry.npmjs.org/coffee-script/-/coffee-script-1.8.0.tgz
41 http 200 https://registry.npmjs.org/coffee-script/-/coffee-script-1.8.0.tgz
42 silly lockFile ca39aec5-e-script-coffee-script-1-8-0-tgz https://registry.npmjs.org/coffee-script/-/coffee-script-1.8.0.tgz
43 silly lockFile ca39aec5-e-script-coffee-script-1-8-0-tgz https://registry.npmjs.org/coffee-script/-/coffee-script-1.8.0.tgz
44 silly lockFile d0d79082-coffee-script-1-8-0 coffee-script@1.8.0
45 silly lockFile d0d79082-coffee-script-1-8-0 coffee-script@1.8.0
46 silly lockFile 53951495-coffee-script coffee-script@
47 silly lockFile 53951495-coffee-script coffee-script@
48 silly resolved [ { name: 'coffee-script',
48 silly resolved     description: 'Unfancy JavaScript',
48 silly resolved     keywords: [ 'javascript', 'language', 'coffeescript', 'compiler' ],
48 silly resolved     author: { name: 'Jeremy Ashkenas' },
48 silly resolved     version: '1.8.0',
48 silly resolved     license: 'MIT',
48 silly resolved     engines: { node: '>=0.8.0' },
48 silly resolved     directories: { lib: './lib/coffee-script' },
48 silly resolved     main: './lib/coffee-script/coffee-script',
48 silly resolved     bin: { coffee: './bin/coffee', cake: './bin/cake' },
48 silly resolved     preferGlobal: true,
48 silly resolved     scripts: { test: 'node ./bin/cake test' },
48 silly resolved     homepage: 'http://coffeescript.org',
48 silly resolved     bugs: { url: 'https://github.com/jashkenas/coffeescript/issues' },
48 silly resolved     repository:
48 silly resolved      { type: 'git',
48 silly resolved        url: 'git://github.com/jashkenas/coffeescript.git' },
48 silly resolved     devDependencies:
48 silly resolved      { 'uglify-js': '~2.2',
48 silly resolved        jison: '>=0.2.0',
48 silly resolved        'highlight.js': '~8.0.0',
48 silly resolved        underscore: '~1.5.2',
48 silly resolved        docco: '~0.6.2' },
48 silly resolved     dependencies: { mkdirp: '~0.3.5' },
48 silly resolved     _id: 'coffee-script@1.8.0',
48 silly resolved     dist:
48 silly resolved      { shasum: '9c9f1d2b4a52a000ded15b659791703648263c1d',
48 silly resolved        tarball: 'http://registry.npmjs.org/coffee-script/-/coffee-script-1.8.0.tgz' },
48 silly resolved     _from: 'coffee-script@',
48 silly resolved     _npmVersion: '1.3.21',
48 silly resolved     _npmUser: { name: 'jashkenas', email: 'jashkenas@gmail.com' },
48 silly resolved     maintainers: [ [Object], [Object] ],
48 silly resolved     _shasum: '9c9f1d2b4a52a000ded15b659791703648263c1d',
48 silly resolved     _resolved: 'https://registry.npmjs.org/coffee-script/-/coffee-script-1.8.0.tgz' } ]
49 info install coffee-script@1.8.0 into /usr/local/lib
50 info installOne coffee-script@1.8.0
51 verbose lib/node_modules/coffee-script unbuild
52 verbose tar unpack /Users/jasonpoovey/.npm/coffee-script/1.8.0/package.tgz
53 silly lockFile 865d9b08-l-lib-node-modules-coffee-script tar:///usr/local/lib/node_modules/coffee-script
54 verbose lock tar:///usr/local/lib/node_modules/coffee-script /Users/jasonpoovey/.npm/865d9b08-l-lib-node-modules-coffee-script.lock
55 silly lockFile 4563dfcd--coffee-script-1-8-0-package-tgz tar:///Users/jasonpoovey/.npm/coffee-script/1.8.0/package.tgz
56 verbose lock tar:///Users/jasonpoovey/.npm/coffee-script/1.8.0/package.tgz /Users/jasonpoovey/.npm/4563dfcd--coffee-script-1-8-0-package-tgz.lock
57 silly gunzTarPerm modes [ '755', '644' ]
58 error Error: EACCES, mkdir '/usr/local/lib/node_modules/coffee-script'
58 error  { [Error: EACCES, mkdir '/usr/local/lib/node_modules/coffee-script']
58 error   errno: 3,
58 error   code: 'EACCES',
58 error   path: '/usr/local/lib/node_modules/coffee-script',
58 error   fstream_type: 'Directory',
58 error   fstream_path: '/usr/local/lib/node_modules/coffee-script',
58 error   fstream_class: 'DirWriter',
58 error   fstream_stack:
58 error    [ '/usr/local/lib/node_modules/npm/node_modules/fstream/lib/dir-writer.js:36:23',
58 error      '/usr/local/lib/node_modules/npm/node_modules/mkdirp/index.js:46:53',
58 error      'Object.oncomplete (fs.js:107:15)' ] }
59 error Please try running this command again as root/Administrator.
60 error System Darwin 13.4.0
61 error command "node" "/usr/local/bin/npm" "install" "-g" "coffee-script"
62 error cwd /Users/jasonpoovey/WebstormProjects/alqimi_stinger/js
63 error node -v v0.10.33
64 error npm -v 1.4.28
65 error path /usr/local/lib/node_modules/coffee-script
66 error fstream_path /usr/local/lib/node_modules/coffee-script
67 error fstream_type Directory
68 error fstream_class DirWriter
69 error code EACCES
70 error errno 3
71 error stack Error: EACCES, mkdir '/usr/local/lib/node_modules/coffee-script'
72 error fstream_stack /usr/local/lib/node_modules/npm/node_modules/fstream/lib/dir-writer.js:36:23
72 error fstream_stack /usr/local/lib/node_modules/npm/node_modules/mkdirp/index.js:46:53
72 error fstream_stack Object.oncomplete (fs.js:107:15)
73 verbose exit [ 3, true ]
